-Xajruntimetarget:1.5
-1.8
-outxml
-source
1.8
-target
1.8
-classpath
C:\Users\Suresh Reddy\.m2\repository\org\springframework\spring-context\5.0.4.RELEASE\spring-context-5.0.4.RELEASE.jar;C:\Users\Suresh Reddy\.m2\repository\org\springframework\spring-webmvc\5.0.4.RELEASE\spring-webmvc-5.0.4.RELEASE.jar;C:\Users\Suresh Reddy\.m2\repository\org\springframework\security\spring-security-web\5.0.0.RELEASE\spring-security-web-5.0.0.RELEASE.jar;C:\Users\Suresh Reddy\.m2\repository\org\aspectj\aspectjrt\1.8.1\aspectjrt-1.8.1.jar;C:\Users\Suresh Reddy\.m2\repository\org\apache\logging\log4j\log4j-core\2.11.1\log4j-core-2.11.1.jar;C:\Users\Suresh Reddy\.m2\repository\org\apache\logging\log4j\log4j-slf4j-impl\2.11.1\log4j-slf4j-impl-2.11.1.jar;C:\Users\Suresh Reddy\.m2\repository\javax\inject\javax.inject\1\javax.inject-1.jar;C:\Users\Suresh Reddy\.m2\repository\javax\servlet\javax.servlet-api\3.1.0\javax.servlet-api-3.1.0.jar;C:\Users\Suresh Reddy\.m2\repository\javax\servlet\jsp\javax.servlet.jsp-api\2.3.2-b02\javax.servlet.jsp-api-2.3.2-b02.jar;C:\Users\Suresh Reddy\.m2\repository\javax\servlet\jstl\1.2\jstl-1.2.jar;C:\Users\Suresh Reddy\.m2\repository\com\fasterxml\jackson\core\jackson-databind\2.9.3\jackson-databind-2.9.3.jar;C:\Users\Suresh Reddy\.m2\repository\com\rometools\rome\1.9.0\rome-1.9.0.jar;C:\Users\Suresh Reddy\.m2\repository\javax\validation\validation-api\2.0.1.Final\validation-api-2.0.1.Final.jar;C:\Users\Suresh Reddy\.m2\repository\org\hibernate\validator\hibernate-validator\6.0.7.Final\hibernate-validator-6.0.7.Final.jar;C:\Users\Suresh Reddy\.m2\repository\javax\el\javax.el-api\3.0.1-b04\javax.el-api-3.0.1-b04.jar;C:\Users\Suresh Reddy\.m2\repository\org\glassfish\javax.el\3.0.1-b08\javax.el-3.0.1-b08.jar;C:\Users\Suresh Reddy\.m2\repository\joda-time\joda-time\2.9.9\joda-time-2.9.9.jar;C:\Users\Suresh Reddy\.m2\repository\commons-fileupload\commons-fileupload\1.3.3\commons-fileupload-1.3.3.jar;C:\Users\Suresh Reddy\.m2\repository\commons-io\commons-io\2.5\commons-io-2.5.jar;C:\Users\Suresh Reddy\.m2\repository\org\springframework\spring-test\5.0.4.RELEASE\spring-test-5.0.4.RELEASE.jar;C:\Users\Suresh Reddy\.m2\repository\junit\junit\4.12\junit-4.12.jar;C:\Users\Suresh Reddy\.m2\repository\org\xmlunit\xmlunit-matchers\2.5.1\xmlunit-matchers-2.5.1.jar;C:\Users\Suresh Reddy\.m2\repository\com\jayway\jsonpath\json-path\2.4.0\json-path-2.4.0.jar;C:\Users\Suresh Reddy\.m2\repository\org\hamcrest\hamcrest-library\1.3\hamcrest-library-1.3.jar;C:\Users\Suresh Reddy\.m2\repository\org\springframework\spring-aop\5.0.4.RELEASE\spring-aop-5.0.4.RELEASE.jar;C:\Users\Suresh Reddy\.m2\repository\org\springframework\spring-beans\5.0.4.RELEASE\spring-beans-5.0.4.RELEASE.jar;C:\Users\Suresh Reddy\.m2\repository\org\springframework\spring-core\5.0.4.RELEASE\spring-core-5.0.4.RELEASE.jar;C:\Users\Suresh Reddy\.m2\repository\org\springframework\spring-jcl\5.0.4.RELEASE\spring-jcl-5.0.4.RELEASE.jar;C:\Users\Suresh Reddy\.m2\repository\org\springframework\spring-expression\5.0.4.RELEASE\spring-expression-5.0.4.RELEASE.jar;C:\Users\Suresh Reddy\.m2\repository\org\springframework\spring-web\5.0.4.RELEASE\spring-web-5.0.4.RELEASE.jar;C:\Users\Suresh Reddy\.m2\repository\org\springframework\security\spring-security-core\5.0.0.RELEASE\spring-security-core-5.0.0.RELEASE.jar;C:\Users\Suresh Reddy\.m2\repository\org\apache\logging\log4j\log4j-api\2.11.1\log4j-api-2.11.1.jar;C:\Users\Suresh Reddy\.m2\repository\org\slf4j\slf4j-api\1.7.25\slf4j-api-1.7.25.jar;C:\Users\Suresh Reddy\.m2\repository\com\fasterxml\jackson\core\jackson-annotations\2.9.0\jackson-annotations-2.9.0.jar;C:\Users\Suresh Reddy\.m2\repository\com\fasterxml\jackson\core\jackson-core\2.9.3\jackson-core-2.9.3.jar;C:\Users\Suresh Reddy\.m2\repository\com\rometools\rome-utils\1.9.0\rome-utils-1.9.0.jar;C:\Users\Suresh Reddy\.m2\repository\org\jdom\jdom2\2.0.6\jdom2-2.0.6.jar;C:\Users\Suresh Reddy\.m2\repository\org\jboss\logging\jboss-logging\3.3.0.Final\jboss-logging-3.3.0.Final.jar;C:\Users\Suresh Reddy\.m2\repository\com\fasterxml\classmate\1.3.1\classmate-1.3.1.jar;C:\Users\Suresh Reddy\Downloads\spring-mvc-showcase-master\target\classes
-d
C:\Users\Suresh Reddy\Downloads\spring-mvc-showcase-master\target\classes
C:\Users\Suresh Reddy\Downloads\spring-mvc-showcase-master\src\main\java\org\springframework\mvc\extensions\ajax\AjaxUtils.java
C:\Users\Suresh Reddy\Downloads\spring-mvc-showcase-master\src\main\java\org\springframework\samples\mvc\async\CallableController.java
C:\Users\Suresh Reddy\Downloads\spring-mvc-showcase-master\src\main\java\org\springframework\samples\mvc\async\DeferredResultController.java
C:\Users\Suresh Reddy\Downloads\spring-mvc-showcase-master\src\main\java\org\springframework\samples\mvc\async\JavaBean.java
C:\Users\Suresh Reddy\Downloads\spring-mvc-showcase-master\src\main\java\org\springframework\samples\mvc\async\TimeoutCallableProcessingInterceptor.java
C:\Users\Suresh Reddy\Downloads\spring-mvc-showcase-master\src\main\java\org\springframework\samples\mvc\config\MvcShowcaseAppInitializer.java
C:\Users\Suresh Reddy\Downloads\spring-mvc-showcase-master\src\main\java\org\springframework\samples\mvc\config\RootConfig.java
C:\Users\Suresh Reddy\Downloads\spring-mvc-showcase-master\src\main\java\org\springframework\samples\mvc\config\WebMvcConfig.java
C:\Users\Suresh Reddy\Downloads\spring-mvc-showcase-master\src\main\java\org\springframework\samples\mvc\convert\ConvertController.java
C:\Users\Suresh Reddy\Downloads\spring-mvc-showcase-master\src\main\java\org\springframework\samples\mvc\convert\JavaBean.java
C:\Users\Suresh Reddy\Downloads\spring-mvc-showcase-master\src\main\java\org\springframework\samples\mvc\convert\MaskFormat.java
C:\Users\Suresh Reddy\Downloads\spring-mvc-showcase-master\src\main\java\org\springframework\samples\mvc\convert\MaskFormatAnnotationFormatterFactory.java
C:\Users\Suresh Reddy\Downloads\spring-mvc-showcase-master\src\main\java\org\springframework\samples\mvc\convert\NestedBean.java
C:\Users\Suresh Reddy\Downloads\spring-mvc-showcase-master\src\main\java\org\springframework\samples\mvc\convert\SocialSecurityNumber.java
C:\Users\Suresh Reddy\Downloads\spring-mvc-showcase-master\src\main\java\org\springframework\samples\mvc\data\custom\CustomArgumentController.java
C:\Users\Suresh Reddy\Downloads\spring-mvc-showcase-master\src\main\java\org\springframework\samples\mvc\data\custom\CustomArgumentResolver.java
C:\Users\Suresh Reddy\Downloads\spring-mvc-showcase-master\src\main\java\org\springframework\samples\mvc\data\custom\RequestAttribute.java
C:\Users\Suresh Reddy\Downloads\spring-mvc-showcase-master\src\main\java\org\springframework\samples\mvc\data\JavaBean.java
C:\Users\Suresh Reddy\Downloads\spring-mvc-showcase-master\src\main\java\org\springframework\samples\mvc\data\RequestDataController.java
C:\Users\Suresh Reddy\Downloads\spring-mvc-showcase-master\src\main\java\org\springframework\samples\mvc\data\standard\StandardArgumentsController.java
C:\Users\Suresh Reddy\Downloads\spring-mvc-showcase-master\src\main\java\org\springframework\samples\mvc\exceptions\BusinessException.java
C:\Users\Suresh Reddy\Downloads\spring-mvc-showcase-master\src\main\java\org\springframework\samples\mvc\exceptions\ExceptionController.java
C:\Users\Suresh Reddy\Downloads\spring-mvc-showcase-master\src\main\java\org\springframework\samples\mvc\exceptions\GlobalExceptionHandler.java
C:\Users\Suresh Reddy\Downloads\spring-mvc-showcase-master\src\main\java\org\springframework\samples\mvc\fileupload\FileUploadController.java
C:\Users\Suresh Reddy\Downloads\spring-mvc-showcase-master\src\main\java\org\springframework\samples\mvc\form\FormBean.java
C:\Users\Suresh Reddy\Downloads\spring-mvc-showcase-master\src\main\java\org\springframework\samples\mvc\form\FormController.java
C:\Users\Suresh Reddy\Downloads\spring-mvc-showcase-master\src\main\java\org\springframework\samples\mvc\form\InquiryType.java
C:\Users\Suresh Reddy\Downloads\spring-mvc-showcase-master\src\main\java\org\springframework\samples\mvc\mapping\ClasslevelMappingController.java
C:\Users\Suresh Reddy\Downloads\spring-mvc-showcase-master\src\main\java\org\springframework\samples\mvc\mapping\JavaBean.java
C:\Users\Suresh Reddy\Downloads\spring-mvc-showcase-master\src\main\java\org\springframework\samples\mvc\mapping\MappingController.java
C:\Users\Suresh Reddy\Downloads\spring-mvc-showcase-master\src\main\java\org\springframework\samples\mvc\messageconverters\JavaBean.java
C:\Users\Suresh Reddy\Downloads\spring-mvc-showcase-master\src\main\java\org\springframework\samples\mvc\messageconverters\MessageConvertersController.java
C:\Users\Suresh Reddy\Downloads\spring-mvc-showcase-master\src\main\java\org\springframework\samples\mvc\redirect\RedirectController.java
C:\Users\Suresh Reddy\Downloads\spring-mvc-showcase-master\src\main\java\org\springframework\samples\mvc\response\ResponseController.java
C:\Users\Suresh Reddy\Downloads\spring-mvc-showcase-master\src\main\java\org\springframework\samples\mvc\simple\SimpleController.java
C:\Users\Suresh Reddy\Downloads\spring-mvc-showcase-master\src\main\java\org\springframework\samples\mvc\simple\SimpleControllerRevisited.java
C:\Users\Suresh Reddy\Downloads\spring-mvc-showcase-master\src\main\java\org\springframework\samples\mvc\validation\JavaBean.java
C:\Users\Suresh Reddy\Downloads\spring-mvc-showcase-master\src\main\java\org\springframework\samples\mvc\validation\ValidationController.java
C:\Users\Suresh Reddy\Downloads\spring-mvc-showcase-master\src\main\java\org\springframework\samples\mvc\views\JavaBean.java
C:\Users\Suresh Reddy\Downloads\spring-mvc-showcase-master\src\main\java\org\springframework\samples\mvc\views\ViewsController.java
